<?xml version="1.0" encoding="UTF-8"?>
<!-- Generated by org.testng.reporters.JUnitXMLReporter -->
<testsuite ignored="0" hostname="Piyush" failures="0" tests="3" name="Default test" time="0.049" errors="0" timestamp="2023-06-22T07:39:51 IST">
  <testcase classname="Demo.thmarch2023testng.Test1" name="method1" time="0.005"/>
  <testcase classname="Demo.thmarch2023testng.Test1" name="method2" time="0.001"/>
  <testcase classname="Demo.thmarch2023testng.AppTest" name="testApp" time="0.002"/>
</testsuite> <!-- Default test -->
