<?xml version="1.0" encoding="UTF-8"?>
<testng-results ignored="0" total="3" passed="3" failed="0" skipped="0">
  <reporter-output>
  </reporter-output>
  <suite started-at="2023-06-22T07:39:51 IST" name="Default suite" finished-at="2023-06-22T07:39:51 IST" duration-ms="49">
    <groups>
    </groups>
    <test started-at="2023-06-22T07:39:51 IST" name="Default test" finished-at="2023-06-22T07:39:51 IST" duration-ms="49">
      <class name="Demo.thmarch2023testng.Test1">
        <test-method is-config="true" signature="method3()[pri:0, instance:Demo.thmarch2023testng.Test1@209da20d]" started-at="2023-06-22T07:39:51 IST" name="method3" finished-at="2023-06-22T07:39:51 IST" duration-ms="10" status="PASS">
          <reporter-output>
          </reporter-output>
        </test-method> <!-- method3 -->
        <test-method is-config="true" signature="method5()[pri:0, instance:Demo.thmarch2023testng.Test1@209da20d]" started-at="2023-06-22T07:39:51 IST" name="method5" finished-at="2023-06-22T07:39:51 IST" duration-ms="0" status="PASS">
          <reporter-output>
          </reporter-output>
        </test-method> <!-- method5 -->
        <test-method is-config="true" signature="method8()[pri:0, instance:Demo.thmarch2023testng.Test1@209da20d]" started-at="2023-06-22T07:39:51 IST" name="method8" finished-at="2023-06-22T07:39:51 IST" duration-ms="0" status="PASS">
          <reporter-output>
          </reporter-output>
        </test-method> <!-- method8 -->
        <test-method signature="method1()[pri:0, instance:Demo.thmarch2023testng.Test1@209da20d]" started-at="2023-06-22T07:39:51 IST" name="method1" finished-at="2023-06-22T07:39:51 IST" duration-ms="5" status="PASS">
          <reporter-output>
          </reporter-output>
        </test-method> <!-- method1 -->
        <test-method signature="method2()[pri:0, instance:Demo.thmarch2023testng.Test1@209da20d]" started-at="2023-06-22T07:39:51 IST" name="method2" finished-at="2023-06-22T07:39:51 IST" duration-ms="1" status="PASS">
          <reporter-output>
          </reporter-output>
        </test-method> <!-- method2 -->
        <test-method is-config="true" signature="method7()[pri:0, instance:Demo.thmarch2023testng.Test1@209da20d]" started-at="2023-06-22T07:39:51 IST" name="method7" finished-at="2023-06-22T07:39:51 IST" duration-ms="0" status="PASS">
          <reporter-output>
          </reporter-output>
        </test-method> <!-- method7 -->
        <test-method is-config="true" signature="method6()[pri:0, instance:Demo.thmarch2023testng.Test1@209da20d]" started-at="2023-06-22T07:39:51 IST" name="method6" finished-at="2023-06-22T07:39:51 IST" duration-ms="0" status="PASS">
          <reporter-output>
          </reporter-output>
        </test-method> <!-- method6 -->
        <test-method is-config="true" signature="method4()[pri:0, instance:Demo.thmarch2023testng.Test1@209da20d]" started-at="2023-06-22T07:39:51 IST" name="method4" finished-at="2023-06-22T07:39:51 IST" duration-ms="1" status="PASS">
          <reporter-output>
          </reporter-output>
        </test-method> <!-- method4 -->
      </class> <!-- Demo.thmarch2023testng.Test1 -->
      <class name="Demo.thmarch2023testng.AppTest">
        <test-method signature="testApp()[pri:0, instance:Demo.thmarch2023testng.AppTest@485966cc]" started-at="2023-06-22T07:39:51 IST" name="testApp" finished-at="2023-06-22T07:39:51 IST" duration-ms="2" status="PASS">
          <reporter-output>
          </reporter-output>
        </test-method> <!-- testApp -->
      </class> <!-- Demo.thmarch2023testng.AppTest -->
    </test> <!-- Default test -->
  </suite> <!-- Default suite -->
</testng-results>
